_http_outgoing.js:470
    throw new ERR_HTTP_HEADERS_SENT('set');
    ^

Error [ERR_HTTP_HEADERS_SENT]: Cannot set headers after they are sent to the client
    at ServerResponse.setHeader (_http_outgoing.js:470:11)
    at ServerResponse.header (C:\Users\kles9\Desktop\CmpE226\CmpE226_Team_Project\Server_Banking\node_modules\express\lib\response.js:771:10)
    at ServerResponse.send (C:\Users\kles9\Desktop\CmpE226\CmpE226_Team_Project\Server_Banking\node_modules\express\lib\response.js:170:12)
    at ServerResponse.json (C:\Users\kles9\Desktop\CmpE226\CmpE226_Team_Project\Server_Banking\node_modules\express\lib\response.js:267:15)
    at Timeout.returnResult [as _onTimeout] (C:\Users\kles9\Desktop\CmpE226\CmpE226_Team_Project\Server_Banking\routes\deleteCustomerRoutes.js:87:25)
    at ontimeout (timers.js:436:11)
    at tryOnTimeout (timers.js:300:5)
    at listOnTimeout (timers.js:263:5)
    at Timer.processTimers (timers.js:223:10)
_http_outgoing.js:470
    throw new ERR_HTTP_HEADERS_SENT('set');
    ^

Error [ERR_HTTP_HEADERS_SENT]: Cannot set headers after they are sent to the client
    at ServerResponse.setHeader (_http_outgoing.js:470:11)
    at ServerResponse.header (C:\Users\kles9\Desktop\CmpE226\CmpE226_Team_Project\Server_Banking\node_modules\express\lib\response.js:771:10)
    at ServerResponse.send (C:\Users\kles9\Desktop\CmpE226\CmpE226_Team_Project\Server_Banking\node_modules\express\lib\response.js:170:12)
    at ServerResponse.json (C:\Users\kles9\Desktop\CmpE226\CmpE226_Team_Project\Server_Banking\node_modules\express\lib\response.js:267:15)
    at Timeout.returnResult [as _onTimeout] (C:\Users\kles9\Desktop\CmpE226\CmpE226_Team_Project\Server_Banking\routes\deleteCustomerRoutes.js:87:25)
    at ontimeout (timers.js:436:11)
    at tryOnTimeout (timers.js:300:5)
    at listOnTimeout (timers.js:263:5)
    at Timer.processTimers (timers.js:223:10)
